--------------------当前连接----------------
https://www.mercadolibre.com.mx/samsung-galaxy-s10-128-gb-rojo-cardenal-8-gb-ram/p/MLM15056772
-----------------------------------likeaccount--------------------------
291
-----------------------------------Num_sell--------------------------
Nuevo  |  474 vendidos
<class 'str'>
-----------------------------------Num_sell--------------------------
474
<class 'int'>
--------------------当前连接----------------
https://www.mercadolibre.com.mx/audifonos-inalambricos-xiaomi-redmi-airdots-negro/p/MLM15283838
-----------------------------------likeaccount--------------------------
8404
-----------------------------------Num_sell--------------------------
Nuevo  |  178964 vendidos
<class 'str'>
-----------------------------------Num_sell--------------------------
178964
<class 'int'>
--------------------当前连接----------------
https://articulo.mercadolibre.com.mx/MLM-665259987-oferta-5-radios-baofeng-uv-5r-walkie-talkie-uhf-vhf-2-vias-_JM?searchVariation=57661270810
-----------------------------------likeaccount--------------------------
18
-----------------------------------Num_sell--------------------------
Nuevo  |  682 vendidos
<class 'str'>
-----------------------------------Num_sell--------------------------
682
<class 'int'>
--------------------当前连接----------------
https://articulo.mercadolibre.com.mx/MLM-561937056-radios-midland-x-talker-t75vp3-61km-38-millas-camo-evox-_JM
-----------------------------------likeaccount--------------------------
None
-----------------------------------Num_sell--------------------------
Nuevo  |  68 vendidos
<class 'str'>
-----------------------------------Num_sell--------------------------
68
<class 'int'>
--------------------当前连接----------------
https://articulo.mercadolibre.com.mx/MLM-822449465-10w-radio-baofeng-bf-h2-vhfuhf-tri-power-maxima-potencia-_JM?searchVariation=64905491837
-----------------------------------likeaccount--------------------------
None
-----------------------------------Num_sell--------------------------
Nuevo  |  34 vendidos
<class 'str'>
-----------------------------------Num_sell--------------------------
34
<class 'int'>
--------------------当前连接----------------
https://articulo.mercadolibre.com.mx/MLM-551466065-radios-midland-camo-gxt1050vp4-58km-36-millas-2-vias-_JM
-----------------------------------likeaccount--------------------------
5
-----------------------------------Num_sell--------------------------
Nuevo  |  95 vendidos
<class 'str'>
-----------------------------------Num_sell--------------------------
95
<class 'int'>
--------------------当前连接----------------
https://articulo.mercadolibre.com.mx/MLM-733502632-radio-kenwood-tk2000-tk3000-_JM
-----------------------------------likeaccount--------------------------
None
-----------------------------------Num_sell--------------------------
Nuevo  |  33 vendidos
<class 'str'>
-----------------------------------Num_sell--------------------------
33
<class 'int'>
--------------------当前连接----------------
https://articulo.mercadolibre.com.mx/MLM-655646279-8w-dos-radios-baofeng-uv-82-hp-vhfuhf-maxima-potencia-_JM
-----------------------------------likeaccount--------------------------
58
-----------------------------------Num_sell--------------------------
Nuevo  |  39 vendidos
<class 'str'>
-----------------------------------Num_sell--------------------------
39
<class 'int'>
--------------------当前连接----------------
https://www.mercadolibre.com/jms/mlm/lgz/login?platform_id=ML&go=https%3A%2F%2Fwww.mercadolibre.com.mx%2Faudifonos-inalambricos-xiaomi-redmi-airdots-negro%2Fp%2FMLM15283838%2Freviews%2F41987970%3Fmethod%3Ddislike&loginType=explicit
-----------------------------------likeaccount--------------------------
None
-----------------------------------Num_sell--------------------------
None
<class 'NoneType'>
--------------------当前连接----------------
https://articulo.mercadolibre.com.mx/MLM-676503229-2-radios-walkie-talkie-ft-777s-uhf-2-vias-c-manos-libres-_JM?searchVariation=58546304880
-----------------------------------likeaccount--------------------------
117
-----------------------------------Num_sell--------------------------
Nuevo  |  1955 vendidos
<class 'str'>
-----------------------------------Num_sell--------------------------
1955
<class 'int'>
--------------------当前连接----------------
https://articulo.mercadolibre.com.mx/MLM-680905395-radio-de-comunicacion-portatil-2-vias-manos-libres-_JM
-----------------------------------likeaccount--------------------------
6
-----------------------------------Num_sell--------------------------
Nuevo  |  211 vendidos
<class 'str'>
-----------------------------------Num_sell--------------------------
211
<class 'int'>
--------------------当前连接----------------
https://articulo.mercadolibre.com.mx/MLM-809162832-2-radios-uhf-pro1000-16-canales-compatible-kenwood-motorola-_JM?searchVariation=62680876994
-----------------------------------likeaccount--------------------------
None
-----------------------------------Num_sell--------------------------
Nuevo  |  19 vendidos
<class 'str'>
-----------------------------------Num_sell--------------------------
19
<class 'int'>
--------------------当前连接----------------
https://articulo.mercadolibre.com.mx/MLM-748942159-radio-de-comunicacion-portatil-2-vias-manos-libres-_JM
-----------------------------------likeaccount--------------------------
None
-----------------------------------Num_sell--------------------------
Nuevo  |  137 vendidos
<class 'str'>
-----------------------------------Num_sell--------------------------
137
<class 'int'>
--------------------当前连接----------------
https://articulo.mercadolibre.com.mx/MLM-692219144-kit-radios-midland-c-manos-libres-lf1vp4-48km-36ch-estuche-_JM?searchVariation=66902856557
-----------------------------------likeaccount--------------------------
None
-----------------------------------Num_sell--------------------------
Nuevo  |  48 vendidos
<class 'str'>
-----------------------------------Num_sell--------------------------
48
<class 'int'>
--------------------当前连接----------------
https://articulo.mercadolibre.com.mx/MLM-769667454-pantalla-display-iphone-x-10-oled-pegamento-contra-agua-_JM?searchVariation=54014371561
-----------------------------------likeaccount--------------------------
11
-----------------------------------Num_sell--------------------------
Nuevo  |  319 vendidos
<class 'str'>
-----------------------------------Num_sell--------------------------
319
<class 'int'>
--------------------当前连接----------------
https://articulo.mercadolibre.com.mx/MLM-799555970-pantalla-lcd-tft-tactil-para-iphone-7-plus-a1661-a1784-a1785-_JM?searchVariation=60989368179
-----------------------------------likeaccount--------------------------
11
-----------------------------------Num_sell--------------------------
Nuevo  |  424 vendidos
<class 'str'>
-----------------------------------Num_sell--------------------------
424
<class 'int'>
--------------------当前连接----------------
https://www.mercadolibre.com/jms/mlm/lgz/login?platform_id=ML&go=https%3A%2F%2Fwww.mercadolibre.com.mx%2Faudifonos-inalambricos-xiaomi-redmi-airdots-negro%2Fp%2FMLM15283838%2Freviews%2F41987970%3Fmethod%3Dlike&loginType=explicit
-----------------------------------likeaccount--------------------------
None
-----------------------------------Num_sell--------------------------
None
<class 'NoneType'>
--------------------当前连接----------------
https://articulo.mercadolibre.com.mx/MLM-799559213-pantalla-lcd-tft-tactil-para-iphone-6s-a1633-a1688-a1700-_JM?searchVariation=60989355924
-----------------------------------likeaccount--------------------------
22
-----------------------------------Num_sell--------------------------
Nuevo  |  661 vendidos
<class 'str'>
-----------------------------------Num_sell--------------------------
661
<class 'int'>
--------------------当前连接----------------
https://www.mercadolibre.com/jms/mlm/lgz/login?platform_id=ML&go=https%3A%2F%2Fwww.mercadolibre.com.mx%2Faudifonos-inalambricos-xiaomi-redmi-airdots-negro%2Fp%2FMLM15283838%2Freviews%2F48928084%3Fmethod%3Ddislike&loginType=explicit
-----------------------------------likeaccount--------------------------
None
-----------------------------------Num_sell--------------------------
None
<class 'NoneType'>
--------------------当前连接----------------
https://www.mercadolibre.com.mx/audifonos-inalambricos-xiaomi-redmi-airdots-negro/p/MLM15283838/seller-info
-----------------------------------likeaccount--------------------------
None
-----------------------------------Num_sell--------------------------
None
<class 'NoneType'>
--------------------当前连接----------------
https://articulo.mercadolibre.com.mx/MLM-592906708-pantalla-display-calidad-original-iphone-6s-_JM?searchVariation=45164293618
-----------------------------------likeaccount--------------------------
15
-----------------------------------Num_sell--------------------------
Nuevo  |  514 vendidos
<class 'str'>
-----------------------------------Num_sell--------------------------
514
<class 'int'>
--------------------当前连接----------------
https://www.mercadolibre.com.mx/audifonos-inalambricos-xiaomi-redmi-airdots-negro/p/MLM15283838/s
-----------------------------------likeaccount--------------------------
None
-----------------------------------Num_sell--------------------------
None
<class 'NoneType'>
--------------------当前连接----------------
https://www.mercadolibre.com/jms/mlm/lgz/login?platform_id=ML&go=https%3A%2F%2Fwww.mercadolibre.com.mx%2Faudifonos-inalambricos-xiaomi-redmi-airdots-negro%2Fp%2FMLM15283838%2Freviews%2F42931020%3Fmethod%3Dlike&loginType=explicit
-----------------------------------likeaccount--------------------------
None
-----------------------------------Num_sell--------------------------
None
<class 'NoneType'>
--------------------当前连接----------------
https://www.mercadolibre.com/jms/mlm/lgz/login?platform_id=ML&go=https%3A%2F%2Fwww.mercadolibre.com.mx%2Faudifonos-inalambricos-xiaomi-redmi-airdots-negro%2Fp%2FMLM15283838%2Freviews%2F42931020%3Fmethod%3Ddislike&loginType=explicit
-----------------------------------likeaccount--------------------------
None
-----------------------------------Num_sell--------------------------
None
<class 'NoneType'>
--------------------当前连接----------------
https://articulo.mercadolibre.com.mx/MLM-675703212-touch-moto-e5-play-go-pantalla-tactil-motorola-xt1920-_JM?searchVariation=35122608539
-----------------------------------likeaccount--------------------------
45
-----------------------------------Num_sell--------------------------
Nuevo  |  2514 vendidos
<class 'str'>
-----------------------------------Num_sell--------------------------
2514
<class 'int'>
--------------------当前连接----------------
https://www.mercadolibre.com/jms/mlm/lgz/login?platform_id=ML&go=https%3A%2F%2Fwww.mercadolibre.com.mx%2Faudifonos-inalambricos-xiaomi-redmi-airdots-negro%2Fp%2FMLM15283838%2Freviews%2F48928084%3Fmethod%3Dlike&loginType=explicit
-----------------------------------likeaccount--------------------------
None
-----------------------------------Num_sell--------------------------
None
<class 'NoneType'>
--------------------当前连接----------------
https://www.mercadolibre.com.mx/xiaomi-redmi-9a-dual-sim-32-gb-verde-majestuoso-2-gb-ram/p/MLM15927747?pdp_filters=category:MLM1055
-----------------------------------likeaccount--------------------------
1073
-----------------------------------Num_sell--------------------------
Nuevo  |  7101 vendidos
<class 'str'>
-----------------------------------Num_sell--------------------------
7101
<class 'int'>
--------------------当前连接----------------
https://articulo.mercadolibre.com.mx/MLM-799555970-pantalla-lcd-tft-tactil-para-iphone-7-plus-a1661-a1784-a1785-_JM?attributes=COLOR_SECONDARY_COLOR:TmVncm8=
-----------------------------------likeaccount--------------------------
11
-----------------------------------Num_sell--------------------------
Nuevo  |  424 vendidos
<class 'str'>
-----------------------------------Num_sell--------------------------
424
<class 'int'>
--------------------当前连接----------------
https://articulo.mercadolibre.com.mx/MLM-799555970-pantalla-lcd-tft-tactil-para-iphone-7-plus-a1661-a1784-a1785-_JM?attributes=COLOR_SECONDARY_COLOR:QmxhbmNv
-----------------------------------likeaccount--------------------------
11
-----------------------------------Num_sell--------------------------
Nuevo  |  424 vendidos
<class 'str'>
-----------------------------------Num_sell--------------------------
424
<class 'int'>
--------------------当前连接----------------
https://www.mercadolibre.com.mx/xiaomi-redmi-note-8-dual-sim-64-gb-space-black-4-gb-ram/p/MLM15188552?pdp_filters=category:MLM1055
-----------------------------------likeaccount--------------------------
11632
-----------------------------------Num_sell--------------------------
Nuevo  |  53985 vendidos
<class 'str'>
-----------------------------------Num_sell--------------------------
53985
<class 'int'>
--------------------当前连接----------------
https://www.mercadolibre.com.mx/xiaomi-poco-m3-dual-sim-64-gb-amarillo-poco-4-gb-ram/p/MLM17324467?pdp_filters=category:MLM1055
-----------------------------------likeaccount--------------------------
550
-----------------------------------Num_sell--------------------------
Nuevo  |  1454 vendidos
<class 'str'>
-----------------------------------Num_sell--------------------------
1454
<class 'int'>
--------------------当前连接----------------
https://www.mercadolibre.com/jms/mlm/lgz/login?platform_id=ML&go=https%3A%2F%2Fwww.mercadolibre.com.mx%2Faudifonos-inalambricos-xiaomi-redmi-airdots-negro%2Fp%2FMLM15283838%2Fbookmark%3Fitem_id%3DMLM870012253%26method%3Dadd&loginType=explicit
-----------------------------------likeaccount--------------------------
None
-----------------------------------Num_sell--------------------------
None
<class 'NoneType'>
--------------------当前连接----------------
https://www.mercadolibre.com.mx/xiaomi-redmi-note-8-dual-sim-64-gb-moonlight-white-4-gb-ram/p/MLM15188553?pdp_filters=category:MLM1055
-----------------------------------likeaccount--------------------------
11632
-----------------------------------Num_sell--------------------------
Nuevo  |  34713 vendidos
<class 'str'>
-----------------------------------Num_sell--------------------------
34713
<class 'int'>
--------------------当前连接----------------
https://articulo.mercadolibre.com.mx/MLM-799559213-pantalla-lcd-tft-tactil-para-iphone-6s-a1633-a1688-a1700-_JM?attributes=COLOR_SECONDARY_COLOR:TmVncm8=
-----------------------------------likeaccount--------------------------
22
-----------------------------------Num_sell--------------------------
Nuevo  |  661 vendidos
<class 'str'>
-----------------------------------Num_sell--------------------------
661
<class 'int'>
--------------------当前连接----------------
https://www.mercadolibre.com.mx/alcatel-1-16-gb-negro-metalico-1-gb-ram/p/MLM15584750?pdp_filters=category:MLM1055
-----------------------------------likeaccount--------------------------
97
-----------------------------------Num_sell--------------------------
Nuevo  |  1771 vendidos
<class 'str'>
-----------------------------------Num_sell--------------------------
1771
<class 'int'>
--------------------当前连接----------------
https://www.mercadolibre.com.mx/huawei-p40-lite-dual-sim-128-gb-crush-green-6-gb-ram/p/MLM15700426?pdp_filters=category:MLM1055
-----------------------------------likeaccount--------------------------
244
-----------------------------------Num_sell--------------------------
Nuevo  |  1986 vendidos
<class 'str'>
-----------------------------------Num_sell--------------------------
1986
<class 'int'>
--------------------当前连接----------------
https://articulo.mercadolibre.com.mx/MLM-592906708-pantalla-display-calidad-original-iphone-6s-_JM?attributes=COLOR_SECONDARY_COLOR:TmVncm8=
-----------------------------------likeaccount--------------------------
15
-----------------------------------Num_sell--------------------------
Nuevo  |  514 vendidos
<class 'str'>
-----------------------------------Num_sell--------------------------
514
<class 'int'>
--------------------当前连接----------------
https://articulo.mercadolibre.com.mx/MLM-799559213-pantalla-lcd-tft-tactil-para-iphone-6s-a1633-a1688-a1700-_JM?attributes=COLOR_SECONDARY_COLOR:QmxhbmNv
-----------------------------------likeaccount--------------------------
22
-----------------------------------Num_sell--------------------------
Nuevo  |  661 vendidos
<class 'str'>
-----------------------------------Num_sell--------------------------
661
<class 'int'>
--------------------当前连接----------------
https://www.mercadolibre.com.mx/xiaomi-redmi-9a-dual-sim-32-gb-azul-celeste-2-gb-ram/p/MLM15927745?pdp_filters=category:MLM1055
-----------------------------------likeaccount--------------------------
1073
-----------------------------------Num_sell--------------------------
Nuevo  |  4878 vendidos
<class 'str'>
-----------------------------------Num_sell--------------------------
4878
<class 'int'>
--------------------当前连接----------------
https://articulo.mercadolibre.com.mx/MLM-675703212-touch-moto-e5-play-go-pantalla-tactil-motorola-xt1920-_JM?attributes=COLOR_SECONDARY_COLOR:TmVncm8=
-----------------------------------likeaccount--------------------------
45
-----------------------------------Num_sell--------------------------
Nuevo  |  2514 vendidos
<class 'str'>
-----------------------------------Num_sell--------------------------
2514
<class 'int'>
--------------------当前连接----------------
https://articulo.mercadolibre.com.mx/MLM-592906708-pantalla-display-calidad-original-iphone-6s-_JM?attributes=COLOR_SECONDARY_COLOR:QmxhbmNv
-----------------------------------likeaccount--------------------------
15
-----------------------------------Num_sell--------------------------
Nuevo  |  514 vendidos
<class 'str'>
-----------------------------------Num_sell--------------------------
514
<class 'int'>
--------------------当前连接----------------
https://www.mercadolibre.com.mx/huawei-p40-lite-dual-sim-128-gb-midnight-black-6-gb-ram/p/MLM15700425?pdp_filters=category:MLM1055
-----------------------------------likeaccount--------------------------
244
-----------------------------------Num_sell--------------------------
Nuevo  |  1171 vendidos
<class 'str'>
-----------------------------------Num_sell--------------------------
1171
<class 'int'>
--------------------当前连接----------------
https://www.mercadolibre.com.mx/xiaomi-redmi-note-9-dual-sim-128-gb-gris-medianoche-4-gb-ram/p/MLM15793963?pdp_filters=category:MLM1055
-----------------------------------likeaccount--------------------------
5045
-----------------------------------Num_sell--------------------------
Nuevo  |  15721 vendidos
<class 'str'>
-----------------------------------Num_sell--------------------------
15721
<class 'int'>
--------------------当前连接----------------
https://www.mercadolibre.com.mx/moto-g8-power-lite-64-gb-mora-azul-4-gb-ram/p/MLM15978040?pdp_filters=category:MLM1055
-----------------------------------likeaccount--------------------------
426
-----------------------------------Num_sell--------------------------
Nuevo  |  3990 vendidos
<class 'str'>
-----------------------------------Num_sell--------------------------
3990
<class 'int'>
--------------------当前连接----------------
https://articulo.mercadolibre.com.mx/MLM-675703212-touch-moto-e5-play-go-pantalla-tactil-motorola-xt1920-_JM?attributes=COLOR_SECONDARY_COLOR:RG9yYWRv
-----------------------------------likeaccount--------------------------
45
-----------------------------------Num_sell--------------------------
Nuevo  |  2514 vendidos
<class 'str'>
-----------------------------------Num_sell--------------------------
2514
<class 'int'>
--------------------当前连接----------------
https://www.mercadolibre.com/jms/mlm/lgz/login?platform_id=ML&go=https%3A%2F%2Fwww.mercadolibre.com.mx%2Fxiaomi-redmi-9a-dual-sim-32-gb-verde-majestuoso-2-gb-ram%2Fp%2FMLM15927747%2Freviews%2F77669028%3Fmethod%3Dlike&loginType=explicit
-----------------------------------likeaccount--------------------------
None
-----------------------------------Num_sell--------------------------
None
<class 'NoneType'>
--------------------当前连接----------------
https://www.mercadolibre.com/jms/mlm/lgz/login?platform_id=ML&go=https%3A%2F%2Fwww.mercadolibre.com.mx%2Fxiaomi-redmi-9a-dual-sim-32-gb-verde-majestuoso-2-gb-ram%2Fp%2FMLM15927747%2Freviews%2F81022976%3Fmethod%3Ddislike&loginType=explicit
-----------------------------------likeaccount--------------------------
None
-----------------------------------Num_sell--------------------------
None
<class 'NoneType'>
--------------------当前连接----------------
https://www.mercadolibre.com/jms/mlm/lgz/login?platform_id=ML&go=https%3A%2F%2Fwww.mercadolibre.com.mx%2Fxiaomi-redmi-9a-dual-sim-32-gb-verde-majestuoso-2-gb-ram%2Fp%2FMLM15927747%2Freviews%2F77669028%3Fmethod%3Ddislike&loginType=explicit
-----------------------------------likeaccount--------------------------
None
-----------------------------------Num_sell--------------------------
None
<class 'NoneType'>
--------------------当前连接----------------
https://www.mercadolibre.com/jms/mlm/lgz/login?platform_id=ML&go=https%3A%2F%2Fwww.mercadolibre.com.mx%2Fxiaomi-redmi-9a-dual-sim-32-gb-verde-majestuoso-2-gb-ram%2Fp%2FMLM15927747%2Freviews%2F81022976%3Fmethod%3Dlike&loginType=explicit
-----------------------------------likeaccount--------------------------
None
-----------------------------------Num_sell--------------------------
None
<class 'NoneType'>
--------------------当前连接----------------
https://www.mercadolibre.com/jms/mlm/lgz/login?platform_id=ML&go=https%3A%2F%2Fwww.mercadolibre.com.mx%2Fxiaomi-redmi-note-8-dual-sim-64-gb-space-black-4-gb-ram%2Fp%2FMLM15188552%2Freviews%2F58025978%3Fmethod%3Dlike&loginType=explicit
-----------------------------------likeaccount--------------------------
None
-----------------------------------Num_sell--------------------------
None
<class 'NoneType'>
--------------------当前连接----------------
https://www.mercadolibre.com/jms/mlm/lgz/login?platform_id=ML&go=https%3A%2F%2Fwww.mercadolibre.com.mx%2Fxiaomi-redmi-9a-dual-sim-32-gb-verde-majestuoso-2-gb-ram%2Fp%2FMLM15927747%2Freviews%2F72629960%3Fmethod%3Dlike&loginType=explicit
-----------------------------------likeaccount--------------------------
None
-----------------------------------Num_sell--------------------------
None
<class 'NoneType'>
--------------------当前连接----------------
https://www.mercadolibre.com/jms/mlm/lgz/login?platform_id=ML&go=https%3A%2F%2Fwww.mercadolibre.com.mx%2Fxiaomi-redmi-note-8-dual-sim-64-gb-space-black-4-gb-ram%2Fp%2FMLM15188552%2Freviews%2F48725728%3Fmethod%3Ddislike&loginType=explicit
-----------------------------------likeaccount--------------------------
None
-----------------------------------Num_sell--------------------------
None
<class 'NoneType'>
--------------------当前连接----------------
https://www.mercadolibre.com/jms/mlm/lgz/login?platform_id=ML&go=https%3A%2F%2Fwww.mercadolibre.com.mx%2Fxiaomi-redmi-9a-dual-sim-32-gb-verde-majestuoso-2-gb-ram%2Fp%2FMLM15927747%2Freviews%2F72629960%3Fmethod%3Ddislike&loginType=explicit
-----------------------------------likeaccount--------------------------
None
-----------------------------------Num_sell--------------------------
None
<class 'NoneType'>
--------------------当前连接----------------
https://www.mercadolibre.com/jms/mlm/lgz/login?platform_id=ML&go=https%3A%2F%2Fwww.mercadolibre.com.mx%2Fxiaomi-poco-m3-dual-sim-64-gb-amarillo-poco-4-gb-ram%2Fp%2FMLM17324467%2Freviews%2F94490802%3Fmethod%3Ddislike&loginType=explicit
-----------------------------------likeaccount--------------------------
None
-----------------------------------Num_sell--------------------------
None
<class 'NoneType'>
--------------------当前连接----------------
https://www.mercadolibre.com/jms/mlm/lgz/login?platform_id=ML&go=https%3A%2F%2Fwww.mercadolibre.com.mx%2Fxiaomi-poco-m3-dual-sim-64-gb-amarillo-poco-4-gb-ram%2Fp%2FMLM17324467%2Freviews%2F97185940%3Fmethod%3Dlike&loginType=explicit
-----------------------------------likeaccount--------------------------
None
-----------------------------------Num_sell--------------------------
None
<class 'NoneType'>
